  Using bundled DotNet SDK
  Log file: C:\Users\Adam\AppData\Local\UnrealBuildTool\Log.txt
  Using 'git status' to determine working set for adaptive non-unity build (E:\UE\Projects\Heist\HeistTime).
  Invalidating makefile for HeistTimeEditor (working set of source files changed)
  Parsing headers for HeistTimeEditor
    Running UnrealHeaderTool "E:\UE\Projects\Heist\HeistTime\HeistTime\HeistTime.uproject" "E:\UE\Projects\Heist\HeistTime\HeistTime\Intermediate\Build\Win64\HeistTimeEditor\Development\HeistTimeEditor.uhtmanifest" -LogCmds="loginit warning, logexit warning, logdatabase error" -Unattended -WarningsAsErrors -abslog="C:\Users\Adam\AppData\Local\UnrealBuildTool\Log_UHT.txt" -installed
  Reflection code generated for HeistTimeEditor in 2.6680543 seconds
  Building HeistTimeEditor...
  Using Visual Studio 2019 14.29.30141 toolchain (C:\Program Files (x86)\Microsoft Visual Studio\2019\Community\VC\Tools\MSVC\14.29.30133) and Windows 10.0.18362.0 SDK (C:\Program Files (x86)\Windows Kits\10).
  [Adaptive Build] Excluded from HeistTime unity file: ExitPoint.cpp, HeistTimeCharacter.cpp, HeistTimeGameMode.cpp
  Determining max actions to execute in parallel (4 physical cores, 8 logical cores)
    Executing up to 4 processes, one per physical core
  Building 13 actions with 4 processes...
  [1/13] Compile HeistTime.init.gen.cpp
  [2/13] Compile Bag_Pickup.cpp
  [3/13] Compile HeistTimeCharacter.gen.cpp
  [4/13] Compile PickupBase.cpp
  [5/13] Compile HeistTimeGameMode.cpp
  [6/13] Compile TP_WeaponComponent.cpp
  [7/13] Compile ExitPoint.cpp
  [8/13] Compile HeistTimeCharacter.cpp
  [9/13] Compile TP_PickUpComponent.gen.cpp
  [10/13] Compile TP_PickUpComponent.cpp
  [11/13] Link UnrealEditor-HeistTime-0136.lib
     Creating library E:\UE\Projects\Heist\HeistTime\HeistTime\Intermediate\Build\Win64\UnrealEditor\Development\HeistTime\UnrealEditor-HeistTime-0136.lib and object E:\UE\Projects\Heist\HeistTime\HeistTime\Intermediate\Build\Win64\UnrealEditor\Development\HeistTime\UnrealEditor-HeistTime-0136.exp
  [12/13] Link UnrealEditor-HeistTime-0136.dll
     Creating library E:\UE\Projects\Heist\HeistTime\HeistTime\Intermediate\Build\Win64\UnrealEditor\Development\HeistTime\UnrealEditor-HeistTime-0136.suppressed.lib and object E:\UE\Projects\Heist\HeistTime\HeistTime\Intermediate\Build\Win64\UnrealEditor\Development\HeistTime\UnrealEditor-HeistTime-0136.suppressed.exp
  [13/13] WriteMetadata HeistTimeEditor.target
  Total time in Parallel executor: 4.10 seconds
  Total execution time: 8.70 seconds
